<?xml version="1.0" encoding="UTF-8"?>
<testng-results ignored="0" total="1" passed="1" failed="0" skipped="0">
  <reporter-output>
  </reporter-output>
  <suite started-at="2023-09-11T17:36:28 EDT" name="Default suite" finished-at="2023-09-11T17:37:04 EDT" duration-ms="35658">
    <groups>
    </groups>
    <test started-at="2023-09-11T17:36:28 EDT" name="Default test" finished-at="2023-09-11T17:37:04 EDT" duration-ms="35658">
      <class name="Ecommerce.EcommerceWebsitePractice">
        <test-method is-config="true" signature="startWebApplication()[pri:0, instance:Ecommerce.EcommerceWebsitePractice@6e6f2380]" started-at="2023-09-11T17:36:28 EDT" name="startWebApplication" finished-at="2023-09-11T17:36:33 EDT" duration-ms="4476" status="PASS">
          <reporter-output>
          </reporter-output>
        </test-method> <!-- startWebApplication -->
        <test-method signature="addToCartButton()[pri:0, instance:Ecommerce.EcommerceWebsitePractice@6e6f2380]" started-at="2023-09-11T17:36:33 EDT" name="addToCartButton" finished-at="2023-09-11T17:37:02 EDT" duration-ms="29022" status="PASS">
          <reporter-output>
          </reporter-output>
        </test-method> <!-- addToCartButton -->
        <test-method is-config="true" signature="closeBrowser()[pri:0, instance:Ecommerce.EcommerceWebsitePractice@6e6f2380]" started-at="2023-09-11T17:37:02 EDT" name="closeBrowser" finished-at="2023-09-11T17:37:04 EDT" duration-ms="2129" status="PASS">
          <reporter-output>
          </reporter-output>
        </test-method> <!-- closeBrowser -->
      </class> <!-- Ecommerce.EcommerceWebsitePractice -->
    </test> <!-- Default test -->
  </suite> <!-- Default suite -->
</testng-results>
