<?xml version="1.0" encoding="UTF-8"?>
<testng-results ignored="0" total="1" passed="1" failed="0" skipped="0">
  <reporter-output>
  </reporter-output>
  <suite started-at="2023-09-18T16:37:07 EDT" name="Default suite" finished-at="2023-09-18T16:37:42 EDT" duration-ms="35812">
    <groups>
    </groups>
    <test started-at="2023-09-18T16:37:07 EDT" name="Default test" finished-at="2023-09-18T16:37:42 EDT" duration-ms="35812">
      <class name="Ecommerce.EcommerceWebsitePractice">
        <test-method is-config="true" signature="startWebApplication()[pri:0, instance:Ecommerce.EcommerceWebsitePractice@6e6f2380]" started-at="2023-09-18T16:37:07 EDT" name="startWebApplication" finished-at="2023-09-18T16:37:11 EDT" duration-ms="4566" status="PASS">
          <reporter-output>
          </reporter-output>
        </test-method> <!-- startWebApplication -->
        <test-method signature="addToCartButton()[pri:0, instance:Ecommerce.EcommerceWebsitePractice@6e6f2380]" started-at="2023-09-18T16:37:11 EDT" name="addToCartButton" finished-at="2023-09-18T16:37:40 EDT" duration-ms="29088" status="PASS">
          <reporter-output>
          </reporter-output>
        </test-method> <!-- addToCartButton -->
        <test-method is-config="true" signature="closeBrowser()[pri:0, instance:Ecommerce.EcommerceWebsitePractice@6e6f2380]" started-at="2023-09-18T16:37:40 EDT" name="closeBrowser" finished-at="2023-09-18T16:37:42 EDT" duration-ms="2121" status="PASS">
          <reporter-output>
          </reporter-output>
        </test-method> <!-- closeBrowser -->
      </class> <!-- Ecommerce.EcommerceWebsitePractice -->
    </test> <!-- Default test -->
  </suite> <!-- Default suite -->
</testng-results>
